# JRE version: OpenJDK Runtime Environment Temurin-21.0.5+11 (21.0.5+11) (build 21.0.5+11-LTS)
# Java VM: OpenJDK 64-Bit Server VM Temurin-21.0.5+11 (21.0.5+11-LTS, mixed mode, emulated-client, sharing, tiered, compressed oops, compressed class ptrs, g1 gc, windows-amd64)
GC Precious Log:
 CardTable entry size: 512
 Card Set container configuration: InlinePtr #cards 4 size 8 Array Of Cards #cards 16 size 48 Howl #buckets 8 coarsen threshold 3686 Howl Bitmap #cards 512 size 80 coarsen threshold 460 Card regions per heap region 1 cards per card region 4096
 CPUs: 12 total, 12 available
 Memory: 16027M
 Large Page Support: Disabled
 NUMA Support: Disabled
 Compressed Oops: Enabled (Zero based)
 Heap Region Size: 2M
 Heap Min Capacity: 8M
 Heap Initial Capacity: 252M
 Heap Max Capacity: 4008M
 Pre-touch: Disabled
 Parallel Workers: 10
 Concurrent Workers: 3
 Concurrent Refinement Workers: 10
 Periodic GC: Disabled
Heap:
 garbage-first heap   total 55296K, used 41060K [0x0000000705800000, 0x0000000800000000)
  region size 2048K, 17 young (34816K), 3 survivors (6144K)
 Metaspace       used 28954K, committed 29568K, reserved 1114112K
  class space    used 3804K, committed 4096K, reserved 1048576K
GC Heap History (16 events):
Event: 0.373 GC heap before
{Heap before GC invocations=0 (full 0):
 garbage-first heap   total 258048K, used 22528K [0x0000000705800000, 0x0000000800000000)
  region size 2048K, 11 young (22528K), 0 survivors (0K)
 Metaspace       used 6646K, committed 6848K, reserved 1114112K
  class space    used 736K, committed 832K, reserved 1048576K
}
Event: 0.376 GC heap after
{Heap after GC invocations=1 (full 0):
 garbage-first heap   total 258048K, used 4543K [0x0000000705800000, 0x0000000800000000)
  region size 2048K, 2 young (4096K), 2 survivors (4096K)
 Metaspace       used 6646K, committed 6848K, reserved 1114112K
  class space    used 736K, committed 832K, reserved 1048576K
}
Event: 0.574 GC heap before
{Heap before GC invocations=1 (full 0):
 garbage-first heap   total 258048K, used 35263K [0x0000000705800000, 0x0000000800000000)
  region size 2048K, 18 young (36864K), 2 survivors (4096K)
 Metaspace       used 10512K, committed 10880K, reserved 1114112K
  class space    used 1243K, committed 1408K, reserved 1048576K
}
Event: 0.577 GC heap after
{Heap after GC invocations=2 (full 0):
 garbage-first heap   total 258048K, used 6606K [0x0000000705800000, 0x0000000800000000)
  region size 2048K, 1 young (2048K), 1 survivors (2048K)
 Metaspace       used 10512K, committed 10880K, reserved 1114112K
  class space    used 1243K, committed 1408K, reserved 1048576K
}
Event: 0.852 GC heap before
{Heap before GC invocations=2 (full 0):
 garbage-first heap   total 258048K, used 74190K [0x0000000705800000, 0x0000000800000000)
  region size 2048K, 36 young (73728K), 1 survivors (2048K)
 Metaspace       used 17121K, committed 17472K, reserved 1114112K
  class space    used 2158K, committed 2304K, reserved 1048576K
}
Event: 0.855 GC heap after
{Heap after GC invocations=3 (full 0):
 garbage-first heap   total 258048K, used 8783K [0x0000000705800000, 0x0000000800000000)
  region size 2048K, 2 young (4096K), 2 survivors (4096K)
 Metaspace       used 17121K, committed 17472K, reserved 1114112K
  class space    used 2158K, committed 2304K, reserved 1048576K
}
Event: 0.913 GC heap before
{Heap before GC invocations=4 (full 0):
 garbage-first heap   total 34816K, used 33359K [0x0000000705800000, 0x0000000800000000)
  region size 2048K, 14 young (28672K), 2 survivors (4096K)
 Metaspace       used 19059K, committed 19392K, reserved 1114112K
  class space    used 2419K, committed 2560K, reserved 1048576K
}
Event: 0.916 GC heap after
{Heap after GC invocations=5 (full 0):
 garbage-first heap   total 40960K, used 9141K [0x0000000705800000, 0x0000000800000000)
  region size 2048K, 3 young (6144K), 3 survivors (6144K)
 Metaspace       used 19059K, committed 19392K, reserved 1114112K
  class space    used 2419K, committed 2560K, reserved 1048576K
}
Event: 0.957 GC heap before
{Heap before GC invocations=5 (full 0):
 garbage-first heap   total 40960K, used 25525K [0x0000000705800000, 0x0000000800000000)
  region size 2048K, 12 young (24576K), 3 survivors (6144K)
 Metaspace       used 20627K, committed 20992K, reserved 1114112K
  class space    used 2644K, committed 2816K, reserved 1048576K
}
Event: 0.960 GC heap after
{Heap after GC invocations=6 (full 0):
 garbage-first heap   total 40960K, used 9547K [0x0000000705800000, 0x0000000800000000)
  region size 2048K, 1 young (2048K), 1 survivors (2048K)
 Metaspace       used 20627K, committed 20992K, reserved 1114112K
  class space    used 2644K, committed 2816K, reserved 1048576K
}
Event: 1.064 GC heap before
{Heap before GC invocations=6 (full 0):
 garbage-first heap   total 40960K, used 30027K [0x0000000705800000, 0x0000000800000000)
  region size 2048K, 11 young (22528K), 1 survivors (2048K)
 Metaspace       used 21919K, committed 22336K, reserved 1114112K
  class space    used 2826K, committed 3008K, reserved 1048576K
}
Event: 1.065 GC heap after
{Heap after GC invocations=7 (full 0):
 garbage-first heap   total 149504K, used 10813K [0x0000000705800000, 0x0000000800000000)
  region size 2048K, 2 young (4096K), 2 survivors (4096K)
 Metaspace       used 21919K, committed 22336K, reserved 1114112K
  class space    used 2826K, committed 3008K, reserved 1048576K
}
Event: 1.549 GC heap before
{Heap before GC invocations=7 (full 0):
 garbage-first heap   total 149504K, used 94781K [0x0000000705800000, 0x0000000800000000)
  region size 2048K, 43 young (88064K), 2 survivors (4096K)
 Metaspace       used 27987K, committed 28608K, reserved 1114112K
  class space    used 3667K, committed 3968K, reserved 1048576K
}
Event: 1.554 GC heap after
{Heap after GC invocations=8 (full 0):
 garbage-first heap   total 149504K, used 14213K [0x0000000705800000, 0x0000000800000000)
  region size 2048K, 3 young (6144K), 3 survivors (6144K)
 Metaspace       used 27987K, committed 28608K, reserved 1114112K
  class space    used 3667K, committed 3968K, reserved 1048576K
}
Event: 1.607 GC heap before
{Heap before GC invocations=8 (full 0):
 garbage-first heap   total 149504K, used 22405K [0x0000000705800000, 0x0000000800000000)
  region size 2048K, 8 young (16384K), 3 survivors (6144K)
 Metaspace       used 28734K, committed 29248K, reserved 1114112K
  class space    used 3762K, committed 4032K, reserved 1048576K
}
Event: 1.610 GC heap after
{Heap after GC invocations=9 (full 0):
 garbage-first heap   total 149504K, used 14436K [0x0000000705800000, 0x0000000800000000)
  region size 2048K, 3 young (6144K), 3 survivors (6144K)
 Metaspace       used 28734K, committed 29248K, reserved 1114112K
  class space    used 3762K, committed 4032K, reserved 1048576K
}

