# JRE version: OpenJDK Runtime Environment Temurin-21.0.5+11 (21.0.5+11) (build 21.0.5+11-LTS)
# Java VM: OpenJDK 64-Bit Server VM Temurin-21.0.5+11 (21.0.5+11-LTS, mixed mode, emulated-client, sharing, tiered, compressed oops, compressed class ptrs, g1 gc, windows-amd64)
GC Precious Log:
 CardTable entry size: 512
 Card Set container configuration: InlinePtr #cards 4 size 8 Array Of Cards #cards 16 size 48 Howl #buckets 8 coarsen threshold 3686 Howl Bitmap #cards 512 size 80 coarsen threshold 460 Card regions per heap region 1 cards per card region 4096
 CPUs: 12 total, 12 available
 Memory: 16027M
 Large Page Support: Disabled
 NUMA Support: Disabled
 Compressed Oops: Enabled (Zero based)
 Heap Region Size: 2M
 Heap Min Capacity: 8M
 Heap Initial Capacity: 252M
 Heap Max Capacity: 4008M
 Pre-touch: Disabled
 Parallel Workers: 10
 Concurrent Workers: 3
 Concurrent Refinement Workers: 10
 Periodic GC: Disabled
Heap:
 garbage-first heap   total 61440K, used 27104K [0x0000000705800000, 0x0000000800000000)
  region size 2048K, 11 young (22528K), 4 survivors (8192K)
 Metaspace       used 29106K, committed 29696K, reserved 1114112K
  class space    used 3824K, committed 4096K, reserved 1048576K
GC Heap History (16 events):
Event: 0.563 GC heap before
{Heap before GC invocations=0 (full 0):
 garbage-first heap   total 258048K, used 22528K [0x0000000705800000, 0x0000000800000000)
  region size 2048K, 11 young (22528K), 0 survivors (0K)
 Metaspace       used 6642K, committed 6848K, reserved 1114112K
  class space    used 736K, committed 832K, reserved 1048576K
}
Event: 0.568 GC heap after
{Heap after GC invocations=1 (full 0):
 garbage-first heap   total 258048K, used 4477K [0x0000000705800000, 0x0000000800000000)
  region size 2048K, 2 young (4096K), 2 survivors (4096K)
 Metaspace       used 6642K, committed 6848K, reserved 1114112K
  class space    used 736K, committed 832K, reserved 1048576K
}
Event: 0.796 GC heap before
{Heap before GC invocations=1 (full 0):
 garbage-first heap   total 258048K, used 35197K [0x0000000705800000, 0x0000000800000000)
  region size 2048K, 18 young (36864K), 2 survivors (4096K)
 Metaspace       used 10171K, committed 10432K, reserved 1114112K
  class space    used 1193K, committed 1344K, reserved 1048576K
}
Event: 0.799 GC heap after
{Heap after GC invocations=2 (full 0):
 garbage-first heap   total 258048K, used 6389K [0x0000000705800000, 0x0000000800000000)
  region size 2048K, 1 young (2048K), 1 survivors (2048K)
 Metaspace       used 10171K, committed 10432K, reserved 1114112K
  class space    used 1193K, committed 1344K, reserved 1048576K
}
Event: 1.092 GC heap before
{Heap before GC invocations=2 (full 0):
 garbage-first heap   total 258048K, used 76021K [0x0000000705800000, 0x0000000800000000)
  region size 2048K, 37 young (75776K), 1 survivors (2048K)
 Metaspace       used 17133K, committed 17472K, reserved 1114112K
  class space    used 2158K, committed 2304K, reserved 1048576K
}
Event: 1.094 GC heap after
{Heap after GC invocations=3 (full 0):
 garbage-first heap   total 258048K, used 8636K [0x0000000705800000, 0x0000000800000000)
  region size 2048K, 2 young (4096K), 2 survivors (4096K)
 Metaspace       used 17133K, committed 17472K, reserved 1114112K
  class space    used 2158K, committed 2304K, reserved 1048576K
}
Event: 1.155 GC heap before
{Heap before GC invocations=4 (full 0):
 garbage-first heap   total 34816K, used 33212K [0x0000000705800000, 0x0000000800000000)
  region size 2048K, 14 young (28672K), 2 survivors (4096K)
 Metaspace       used 19016K, committed 19392K, reserved 1114112K
  class space    used 2412K, committed 2560K, reserved 1048576K
}
Event: 1.158 GC heap after
{Heap after GC invocations=5 (full 0):
 garbage-first heap   total 40960K, used 9102K [0x0000000705800000, 0x0000000800000000)
  region size 2048K, 3 young (6144K), 3 survivors (6144K)
 Metaspace       used 19016K, committed 19392K, reserved 1114112K
  class space    used 2412K, committed 2560K, reserved 1048576K
}
Event: 1.201 GC heap before
{Heap before GC invocations=5 (full 0):
 garbage-first heap   total 40960K, used 25486K [0x0000000705800000, 0x0000000800000000)
  region size 2048K, 12 young (24576K), 3 survivors (6144K)
 Metaspace       used 20481K, committed 20800K, reserved 1114112K
  class space    used 2632K, committed 2752K, reserved 1048576K
}
Event: 1.204 GC heap after
{Heap after GC invocations=6 (full 0):
 garbage-first heap   total 40960K, used 9503K [0x0000000705800000, 0x0000000800000000)
  region size 2048K, 1 young (2048K), 1 survivors (2048K)
 Metaspace       used 20481K, committed 20800K, reserved 1114112K
  class space    used 2632K, committed 2752K, reserved 1048576K
}
Event: 1.305 GC heap before
{Heap before GC invocations=6 (full 0):
 garbage-first heap   total 40960K, used 29983K [0x0000000705800000, 0x0000000800000000)
  region size 2048K, 11 young (22528K), 1 survivors (2048K)
 Metaspace       used 21900K, committed 22272K, reserved 1114112K
  class space    used 2821K, committed 3008K, reserved 1048576K
}
Event: 1.307 GC heap after
{Heap after GC invocations=7 (full 0):
 garbage-first heap   total 149504K, used 10732K [0x0000000705800000, 0x0000000800000000)
  region size 2048K, 2 young (4096K), 2 survivors (4096K)
 Metaspace       used 21900K, committed 22272K, reserved 1114112K
  class space    used 2821K, committed 3008K, reserved 1048576K
}
Event: 1.850 GC heap before
{Heap before GC invocations=7 (full 0):
 garbage-first heap   total 149504K, used 92652K [0x0000000705800000, 0x0000000800000000)
  region size 2048K, 43 young (88064K), 2 survivors (4096K)
 Metaspace       used 27901K, committed 28544K, reserved 1114112K
  class space    used 3664K, committed 3968K, reserved 1048576K
}
Event: 1.856 GC heap after
{Heap after GC invocations=8 (full 0):
 garbage-first heap   total 149504K, used 14402K [0x0000000705800000, 0x0000000800000000)
  region size 2048K, 3 young (6144K), 3 survivors (6144K)
 Metaspace       used 27901K, committed 28544K, reserved 1114112K
  class space    used 3664K, committed 3968K, reserved 1048576K
}
Event: 1.905 GC heap before
{Heap before GC invocations=8 (full 0):
 garbage-first heap   total 149504K, used 20546K [0x0000000705800000, 0x0000000800000000)
  region size 2048K, 7 young (14336K), 3 survivors (6144K)
 Metaspace       used 28555K, committed 29120K, reserved 1114112K
  class space    used 3740K, committed 4032K, reserved 1048576K
}
Event: 1.909 GC heap after
{Heap after GC invocations=9 (full 0):
 garbage-first heap   total 149504K, used 14816K [0x0000000705800000, 0x0000000800000000)
  region size 2048K, 4 young (8192K), 4 survivors (8192K)
 Metaspace       used 28555K, committed 29120K, reserved 1114112K
  class space    used 3740K, committed 4032K, reserved 1048576K
}

