# JRE version: OpenJDK Runtime Environment Temurin-21.0.5+11 (21.0.5+11) (build 21.0.5+11-LTS)
# Java VM: OpenJDK 64-Bit Server VM Temurin-21.0.5+11 (21.0.5+11-LTS, mixed mode, emulated-client, sharing, tiered, compressed oops, compressed class ptrs, g1 gc, windows-amd64)
GC Precious Log:
 CardTable entry size: 512
 Card Set container configuration: InlinePtr #cards 4 size 8 Array Of Cards #cards 16 size 48 Howl #buckets 8 coarsen threshold 3686 Howl Bitmap #cards 512 size 80 coarsen threshold 460 Card regions per heap region 1 cards per card region 4096
 CPUs: 12 total, 12 available
 Memory: 16027M
 Large Page Support: Disabled
 NUMA Support: Disabled
 Compressed Oops: Enabled (Zero based)
 Heap Region Size: 2M
 Heap Min Capacity: 8M
 Heap Initial Capacity: 252M
 Heap Max Capacity: 4008M
 Pre-touch: Disabled
 Parallel Workers: 10
 Concurrent Workers: 3
 Concurrent Refinement Workers: 10
 Periodic GC: Disabled
Heap:
 garbage-first heap   total 49152K, used 24424K [0x0000000705800000, 0x0000000800000000)
  region size 2048K, 9 young (18432K), 3 survivors (6144K)
 Metaspace       used 28958K, committed 29568K, reserved 1114112K
  class space    used 3807K, committed 4096K, reserved 1048576K
GC Heap History (16 events):
Event: 0.367 GC heap before
{Heap before GC invocations=0 (full 0):
 garbage-first heap   total 258048K, used 20480K [0x0000000705800000, 0x0000000800000000)
  region size 2048K, 11 young (22528K), 0 survivors (0K)
 Metaspace       used 6646K, committed 6848K, reserved 1114112K
  class space    used 736K, committed 832K, reserved 1048576K
}
Event: 0.371 GC heap after
{Heap after GC invocations=1 (full 0):
 garbage-first heap   total 258048K, used 4642K [0x0000000705800000, 0x0000000800000000)
  region size 2048K, 2 young (4096K), 2 survivors (4096K)
 Metaspace       used 6646K, committed 6848K, reserved 1114112K
  class space    used 736K, committed 832K, reserved 1048576K
}
Event: 0.571 GC heap before
{Heap before GC invocations=1 (full 0):
 garbage-first heap   total 258048K, used 35362K [0x0000000705800000, 0x0000000800000000)
  region size 2048K, 18 young (36864K), 2 survivors (4096K)
 Metaspace       used 10515K, committed 10880K, reserved 1114112K
  class space    used 1244K, committed 1408K, reserved 1048576K
}
Event: 0.575 GC heap after
{Heap after GC invocations=2 (full 0):
 garbage-first heap   total 258048K, used 6329K [0x0000000705800000, 0x0000000800000000)
  region size 2048K, 1 young (2048K), 1 survivors (2048K)
 Metaspace       used 10515K, committed 10880K, reserved 1114112K
  class space    used 1244K, committed 1408K, reserved 1048576K
}
Event: 0.857 GC heap before
{Heap before GC invocations=2 (full 0):
 garbage-first heap   total 258048K, used 71865K [0x0000000705800000, 0x0000000800000000)
  region size 2048K, 35 young (71680K), 1 survivors (2048K)
 Metaspace       used 16926K, committed 17280K, reserved 1114112K
  class space    used 2143K, committed 2304K, reserved 1048576K
}
Event: 0.860 GC heap after
{Heap after GC invocations=3 (full 0):
 garbage-first heap   total 258048K, used 8602K [0x0000000705800000, 0x0000000800000000)
  region size 2048K, 2 young (4096K), 2 survivors (4096K)
 Metaspace       used 16926K, committed 17280K, reserved 1114112K
  class space    used 2143K, committed 2304K, reserved 1048576K
}
Event: 0.919 GC heap before
{Heap before GC invocations=4 (full 0):
 garbage-first heap   total 34816K, used 31130K [0x0000000705800000, 0x0000000800000000)
  region size 2048K, 14 young (28672K), 2 survivors (4096K)
 Metaspace       used 19006K, committed 19392K, reserved 1114112K
  class space    used 2409K, committed 2560K, reserved 1048576K
}
Event: 0.922 GC heap after
{Heap after GC invocations=5 (full 0):
 garbage-first heap   total 40960K, used 9173K [0x0000000705800000, 0x0000000800000000)
  region size 2048K, 3 young (6144K), 3 survivors (6144K)
 Metaspace       used 19006K, committed 19392K, reserved 1114112K
  class space    used 2409K, committed 2560K, reserved 1048576K
}
Event: 0.965 GC heap before
{Heap before GC invocations=5 (full 0):
 garbage-first heap   total 40960K, used 27605K [0x0000000705800000, 0x0000000800000000)
  region size 2048K, 12 young (24576K), 3 survivors (6144K)
 Metaspace       used 20464K, committed 20864K, reserved 1114112K
  class space    used 2632K, committed 2816K, reserved 1048576K
}
Event: 0.967 GC heap after
{Heap after GC invocations=6 (full 0):
 garbage-first heap   total 40960K, used 9439K [0x0000000705800000, 0x0000000800000000)
  region size 2048K, 1 young (2048K), 1 survivors (2048K)
 Metaspace       used 20464K, committed 20864K, reserved 1114112K
  class space    used 2632K, committed 2816K, reserved 1048576K
}
Event: 1.084 GC heap before
{Heap before GC invocations=6 (full 0):
 garbage-first heap   total 40960K, used 29919K [0x0000000705800000, 0x0000000800000000)
  region size 2048K, 12 young (24576K), 1 survivors (2048K)
 Metaspace       used 21953K, committed 22336K, reserved 1114112K
  class space    used 2835K, committed 3008K, reserved 1048576K
}
Event: 1.086 GC heap after
{Heap after GC invocations=7 (full 0):
 garbage-first heap   total 149504K, used 10968K [0x0000000705800000, 0x0000000800000000)
  region size 2048K, 2 young (4096K), 2 survivors (4096K)
 Metaspace       used 21953K, committed 22336K, reserved 1114112K
  class space    used 2835K, committed 3008K, reserved 1048576K
}
Event: 1.541 GC heap before
{Heap before GC invocations=7 (full 0):
 garbage-first heap   total 149504K, used 92888K [0x0000000705800000, 0x0000000800000000)
  region size 2048K, 43 young (88064K), 2 survivors (4096K)
 Metaspace       used 28155K, committed 28736K, reserved 1114112K
  class space    used 3684K, committed 3968K, reserved 1048576K
}
Event: 1.545 GC heap after
{Heap after GC invocations=8 (full 0):
 garbage-first heap   total 149504K, used 14232K [0x0000000705800000, 0x0000000800000000)
  region size 2048K, 3 young (6144K), 3 survivors (6144K)
 Metaspace       used 28155K, committed 28736K, reserved 1114112K
  class space    used 3684K, committed 3968K, reserved 1048576K
}
Event: 1.558 GC heap before
{Heap before GC invocations=8 (full 0):
 garbage-first heap   total 149504K, used 16280K [0x0000000705800000, 0x0000000800000000)
  region size 2048K, 5 young (10240K), 3 survivors (6144K)
 Metaspace       used 28387K, committed 28928K, reserved 1114112K
  class space    used 3707K, committed 3968K, reserved 1048576K
}
Event: 1.561 GC heap after
{Heap after GC invocations=9 (full 0):
 garbage-first heap   total 149504K, used 14184K [0x0000000705800000, 0x0000000800000000)
  region size 2048K, 3 young (6144K), 3 survivors (6144K)
 Metaspace       used 28387K, committed 28928K, reserved 1114112K
  class space    used 3707K, committed 3968K, reserved 1048576K
}

